Drill report for /home/drjones/Dropbox/ePin/schematic/piPin/piBreakout.kicad_pcb
Created on Wed 08 Jun 2016 11:21:14 PM EDT

Copper Layer Stackup:
    =============================================================
    L1 :  F.Cu                      front
    L2 :  B.Cu                      back


Drill file 'piBreakout.drl' contains
    plated through holes:
    =============================================================
    T1  0.33mm  0.013"  (18 holes)
    T2  0.60mm  0.024"  (3 holes)
    T3  0.80mm  0.031"  (4 holes)
    T4  1.00mm  0.039"  (8 holes)
    T5  1.02mm  0.040"  (40 holes)
    T6  1.20mm  0.047"  (64 holes)
    T7  3.05mm  0.120"  (4 holes)

    Total plated holes count 141


Drill file 'piBreakout-NPTH.drl' contains
    unplated through holes:
    =============================================================

    Total unplated holes count 0
